mode: atomic
github.com/github/gh-gei/pkg/logger/logger.go:21.54,25.43 3 6
github.com/github/gh-gei/pkg/logger/logger.go:25.43,27.3 1 6
github.com/github/gh-gei/pkg/logger/logger.go:28.2,28.43 1 6
github.com/github/gh-gei/pkg/logger/logger.go:28.43,30.3 1 2
github.com/github/gh-gei/pkg/logger/logger.go:32.2,36.3 1 6
github.com/github/gh-gei/pkg/logger/logger.go:40.60,42.2 1 0
github.com/github/gh-gei/pkg/logger/logger.go:45.59,47.2 1 1
github.com/github/gh-gei/pkg/logger/logger.go:50.62,52.2 1 0
github.com/github/gh-gei/pkg/logger/logger.go:55.62,58.2 2 2
github.com/github/gh-gei/pkg/logger/logger.go:61.35,62.16 1 2
github.com/github/gh-gei/pkg/logger/logger.go:62.16,64.3 1 1
github.com/github/gh-gei/pkg/logger/logger.go:68.61,70.2 1 0
github.com/github/gh-gei/pkg/logger/logger.go:73.62,74.15 1 2
github.com/github/gh-gei/pkg/logger/logger.go:74.15,78.3 3 1
github.com/github/gh-gei/pkg/logger/logger.go:82.40,84.2 1 1
github.com/github/gh-gei/pkg/logger/logger.go:87.36,89.15 2 0
github.com/github/gh-gei/pkg/logger/logger.go:89.15,91.3 1 0
github.com/github/gh-gei/pkg/logger/logger.go:94.65,98.2 3 4
github.com/github/gh-gei/pkg/app/app.go:34.28,47.2 5 2
github.com/github/gh-gei/pkg/app/app.go:52.48,55.2 1 2
github.com/github/gh-gei/pkg/app/app.go:57.41,59.2 1 2
github.com/github/gh-gei/pkg/app/app.go:61.55,63.2 1 2
github.com/github/gh-gei/pkg/app/app.go:65.52,67.19 2 2
github.com/github/gh-gei/pkg/app/app.go:67.19,69.3 1 1
github.com/github/gh-gei/pkg/app/app.go:70.2,70.51 1 2
github.com/github/gh-gei/pkg/retry/retry.go:23.44,24.25 1 4
github.com/github/gh-gei/pkg/retry/retry.go:24.25,26.3 1 4
github.com/github/gh-gei/pkg/retry/retry.go:30.44,31.25 1 5
github.com/github/gh-gei/pkg/retry/retry.go:31.25,33.3 1 5
github.com/github/gh-gei/pkg/retry/retry.go:37.50,38.25 1 1
github.com/github/gh-gei/pkg/retry/retry.go:38.25,40.3 1 1
github.com/github/gh-gei/pkg/retry/retry.go:44.34,51.27 2 6
github.com/github/gh-gei/pkg/retry/retry.go:51.27,53.3 1 10
github.com/github/gh-gei/pkg/retry/retry.go:55.2,55.10 1 6
github.com/github/gh-gei/pkg/retry/retry.go:59.70,67.41 1 6
github.com/github/gh-gei/pkg/retry/retry.go:67.42,69.4 0 10
github.com/github/gh-gei/pkg/retry/retry.go:74.96,78.37 3 1
github.com/github/gh-gei/pkg/retry/retry.go:78.37,83.3 4 2
github.com/github/gh-gei/pkg/retry/retry.go:85.2,85.16 1 1
github.com/github/gh-gei/pkg/retry/retry.go:85.16,87.3 1 0
github.com/github/gh-gei/pkg/retry/retry.go:89.2,89.20 1 1
github.com/github/gh-gei/pkg/retry/retry.go:93.39,95.2 1 12
github.com/github/gh-gei/pkg/retry/retry.go:98.49,99.50 1 12
github.com/github/gh-gei/pkg/retry/retry.go:99.50,100.25 1 57
github.com/github/gh-gei/pkg/retry/retry.go:100.25,102.4 1 6
github.com/github/gh-gei/pkg/retry/retry.go:104.2,104.14 1 6
github.com/github/gh-gei/cmd/gei/main.go:17.13,18.47 1 0
github.com/github/gh-gei/cmd/gei/main.go:18.47,20.3 1 0
github.com/github/gh-gei/cmd/gei/main.go:23.34,28.61 1 0
github.com/github/gh-gei/cmd/gei/main.go:28.61,35.4 4 0
github.com/github/gh-gei/cmd/gei/main.go:40.2,57.16 3 0
github.com/github/gh-gei/cmd/gei/main.go:61.51,62.67 1 0
github.com/github/gh-gei/cmd/gei/main.go:62.67,64.3 1 0
github.com/github/gh-gei/cmd/gei/main.go:65.2,65.26 1 0
github.com/github/gh-gei/cmd/gei/main.go:69.37,71.2 1 0
github.com/github/gh-gei/cmd/gei/main.go:74.60,77.87 2 0
github.com/github/gh-gei/cmd/gei/main.go:77.87,80.3 2 0
github.com/github/gh-gei/cmd/gei/main.go:83.2,83.57 1 0
github.com/github/gh-gei/cmd/gei/main.go:87.65,90.85 2 0
github.com/github/gh-gei/cmd/gei/main.go:90.85,93.3 2 0
github.com/github/gh-gei/cmd/bbs2gh/main.go:17.13,18.47 1 0
github.com/github/gh-gei/cmd/bbs2gh/main.go:18.47,20.3 1 0
github.com/github/gh-gei/cmd/bbs2gh/main.go:23.34,28.61 1 0
github.com/github/gh-gei/cmd/bbs2gh/main.go:28.61,33.4 4 0
github.com/github/gh-gei/cmd/bbs2gh/main.go:38.2,56.16 3 0
github.com/github/gh-gei/cmd/bbs2gh/main.go:59.51,60.67 1 0
github.com/github/gh-gei/cmd/bbs2gh/main.go:60.67,62.3 1 0
github.com/github/gh-gei/cmd/bbs2gh/main.go:63.2,63.26 1 0
github.com/github/gh-gei/cmd/bbs2gh/main.go:66.37,68.2 1 0
github.com/github/gh-gei/cmd/bbs2gh/main.go:70.60,72.87 2 0
github.com/github/gh-gei/cmd/bbs2gh/main.go:72.87,75.3 2 0
github.com/github/gh-gei/cmd/bbs2gh/main.go:76.2,76.60 1 0
github.com/github/gh-gei/cmd/bbs2gh/main.go:79.65,81.85 2 0
github.com/github/gh-gei/cmd/bbs2gh/main.go:81.85,84.3 2 0
github.com/github/gh-gei/cmd/ado2gh/main.go:17.13,18.47 1 0
github.com/github/gh-gei/cmd/ado2gh/main.go:18.47,20.3 1 0
github.com/github/gh-gei/cmd/ado2gh/main.go:23.34,28.61 1 0
github.com/github/gh-gei/cmd/ado2gh/main.go:28.61,33.4 4 0
github.com/github/gh-gei/cmd/ado2gh/main.go:38.2,63.16 3 0
github.com/github/gh-gei/cmd/ado2gh/main.go:66.51,67.67 1 0
github.com/github/gh-gei/cmd/ado2gh/main.go:67.67,69.3 1 0
github.com/github/gh-gei/cmd/ado2gh/main.go:70.2,70.26 1 0
github.com/github/gh-gei/cmd/ado2gh/main.go:73.37,75.2 1 0
github.com/github/gh-gei/cmd/ado2gh/main.go:77.60,79.87 2 0
github.com/github/gh-gei/cmd/ado2gh/main.go:79.87,82.3 2 0
github.com/github/gh-gei/cmd/ado2gh/main.go:83.2,83.60 1 0
github.com/github/gh-gei/cmd/ado2gh/main.go:86.65,88.85 2 0
github.com/github/gh-gei/cmd/ado2gh/main.go:88.85,91.3 2 0
github.com/github/gh-gei/pkg/env/env.go:10.22,12.2 1 0
github.com/github/gh-gei/pkg/env/env.go:15.45,17.2 1 0
github.com/github/gh-gei/pkg/env/env.go:20.45,22.2 1 0
github.com/github/gh-gei/pkg/env/env.go:25.36,27.2 1 0
github.com/github/gh-gei/pkg/env/env.go:30.41,32.2 1 0
github.com/github/gh-gei/pkg/env/env.go:35.41,37.2 1 0
github.com/github/gh-gei/pkg/env/env.go:40.71,42.29 2 0
github.com/github/gh-gei/pkg/env/env.go:42.30,45.3 0 0
github.com/github/gh-gei/pkg/env/env.go:46.2,46.14 1 0
github.com/github/gh-gei/pkg/env/env.go:50.46,52.2 1 0
github.com/github/gh-gei/pkg/env/env.go:55.45,57.2 1 0
github.com/github/gh-gei/pkg/env/env.go:60.44,62.2 1 0
github.com/github/gh-gei/pkg/env/env.go:65.48,67.2 1 0
github.com/github/gh-gei/pkg/env/env.go:70.45,72.2 1 0
github.com/github/gh-gei/pkg/env/env.go:75.39,77.2 1 0
github.com/github/gh-gei/pkg/env/env.go:80.43,82.2 1 0
github.com/github/gh-gei/pkg/env/env.go:85.66,87.2 1 0
github.com/github/gh-gei/pkg/env/env.go:90.66,91.42 1 0
github.com/github/gh-gei/pkg/env/env.go:91.42,93.3 1 0
github.com/github/gh-gei/pkg/env/env.go:94.2,94.21 1 0
github.com/github/gh-gei/pkg/env/env.go:98.49,100.2 1 0
github.com/github/gh-gei/pkg/filesystem/filesystem.go:14.22,16.2 1 0
github.com/github/gh-gei/pkg/filesystem/filesystem.go:19.61,21.16 2 0
github.com/github/gh-gei/pkg/filesystem/filesystem.go:21.16,23.3 1 0
github.com/github/gh-gei/pkg/filesystem/filesystem.go:24.2,24.26 1 0
github.com/github/gh-gei/pkg/filesystem/filesystem.go:28.62,30.2 1 0
github.com/github/gh-gei/pkg/filesystem/filesystem.go:33.61,35.2 1 0
github.com/github/gh-gei/pkg/filesystem/filesystem.go:38.66,40.2 1 0
github.com/github/gh-gei/pkg/filesystem/filesystem.go:43.49,45.16 2 0
github.com/github/gh-gei/pkg/filesystem/filesystem.go:45.16,47.3 1 0
github.com/github/gh-gei/pkg/filesystem/filesystem.go:48.2,48.22 1 0
github.com/github/gh-gei/pkg/filesystem/filesystem.go:52.54,54.16 2 0
github.com/github/gh-gei/pkg/filesystem/filesystem.go:54.16,56.3 1 0
github.com/github/gh-gei/pkg/filesystem/filesystem.go:57.2,57.21 1 0
github.com/github/gh-gei/pkg/filesystem/filesystem.go:61.55,63.2 1 0
github.com/github/gh-gei/pkg/filesystem/filesystem.go:66.50,68.2 1 0
github.com/github/gh-gei/pkg/filesystem/filesystem.go:71.55,73.2 1 0
github.com/github/gh-gei/pkg/filesystem/filesystem.go:76.41,78.2 1 0
github.com/github/gh-gei/pkg/filesystem/filesystem.go:81.54,83.16 2 0
github.com/github/gh-gei/pkg/filesystem/filesystem.go:83.16,85.3 1 0
github.com/github/gh-gei/pkg/filesystem/filesystem.go:86.2,87.25 2 0
github.com/github/gh-gei/pkg/filesystem/filesystem.go:91.52,93.16 2 0
github.com/github/gh-gei/pkg/filesystem/filesystem.go:93.16,95.3 1 0
github.com/github/gh-gei/pkg/filesystem/filesystem.go:96.2,99.16 3 0
github.com/github/gh-gei/pkg/filesystem/filesystem.go:99.16,101.3 1 0
github.com/github/gh-gei/pkg/filesystem/filesystem.go:102.2,105.12 3 0
github.com/github/gh-gei/pkg/filesystem/filesystem.go:109.60,111.16 2 0
github.com/github/gh-gei/pkg/filesystem/filesystem.go:111.16,113.3 1 0
github.com/github/gh-gei/pkg/filesystem/filesystem.go:114.2,114.25 1 0
github.com/github/gh-gei/pkg/filesystem/filesystem.go:118.52,120.2 1 0
github.com/github/gh-gei/pkg/filesystem/filesystem.go:123.57,125.2 1 0
github.com/github/gh-gei/pkg/filesystem/filesystem.go:128.52,130.2 1 0
